warning: unreachable pattern
    --> crates\luminex-ui\src\app.rs:1520:21
     |
1512 |                     iced_term::Event::BackendCall(_, cmd) => {
     |                     ------------------------------------- matches all the relevant values
...
1520 |                     _ => {}
     |                     ^ no value can reach this
     |
     = note: `#[warn(unreachable_patterns)]` (part of `#[warn(unused)]`) on by default

warning: `luminex-ui` (lib) generated 1 warning
    Finished `dev` profile [optimized + debuginfo] target(s) in 0.75s
warning: the following packages contain code that will be rejected by a future version of Rust: net2 v0.2.39
note: to see what the problems were, use the option `--future-incompat-report`, or run `cargo report future-incompatibilities --id 1`
     Running `target\debug\luminex.exe`
[2m2026-02-26T18:00:26.100250Z[0m [33m WARN[0m InstanceFlags::VALIDATION requested, but unable to find layer: VK_LAYER_KHRONOS_validation
[2m2026-02-26T18:00:26.160107Z[0m [33m WARN[0m Unrecognized present mode 1000361000
[2m2026-02-26T18:00:26.160958Z[0m [33m WARN[0m Unrecognized present mode 1000361000
[2m2026-02-26T18:00:26.227507Z[0m [33m WARN[0m Unrecognized present mode 1000361000

thread 'main' (21648) panicked at C:\Users\l7cre\.cargo\registry\src\index.crates.io-1949cf8c6b5b557f\iced_widget-0.13.4\src\scrollable.rs:118:9:
scrollable content must not fill its vertical scrolling axis
note: run with `RUST_BACKTRACE=1` environment variable to display a backtrace
error: process didn't exit successfully: `target\debug\luminex.exe` (exit code: 101)
